<?xml version="1.0" encoding="UTF-8"?><testsuite failures="0" name="cucumber.runtime.formatter.JUnitFormatter" skipped="0" tests="2" time="0.075271">
<testcase classname="Basic Math" name="Addition of two numbers" time="0.075108">
<system-out><![CDATA[Given The number "1"........................................................passed
When "1" is added the total.................................................passed
Then The result is "2"......................................................passed
]]></system-out>
</testcase>
<testcase classname="Basic Math" name="Addition of two numbers incorrectly" time="0.000163">
<system-out><![CDATA[Given The number "2"........................................................passed
When "3" is added the total.................................................passed
Then The result is "5"......................................................passed
]]></system-out>
</testcase>
</testsuite>
